ERROR: 2022/05/29 14:01:17 D:/Documentos/foro-hotel/foro-hotel-backend-master/internal/dbx/dbx.go:36: couldn't connect to database: mssql: login error: Login failed for user 'db_a7d156_yonilrojas0101_admin'.
ERROR: 2022/05/29 14:37:12 D:/Documentos/foro-hotel/foro-hotel-backend-master/pkg/auth/login/jwt.go:36: leyendo el archivo privado de firma: open ../rsa/app.rsa: The system cannot find the path specified.
ERROR: 2022/05/29 14:37:12 D:/Documentos/foro-hotel/foro-hotel-backend-master/pkg/auth/login/jwt.go:41: realizando el parse en login RSA private: Invalid Key: Key must be a PEM encoded PKCS1 or PKCS8 key
ERROR: 2022/05/29 15:03:07 D:/Documentos/foro-hotel/foro-hotel-backend-master/pkg/auth/login/jwt.go:36: leyendo el archivo privado de firma: open ../rsa/app.rsa: The system cannot find the path specified.
ERROR: 2022/05/29 15:03:07 D:/Documentos/foro-hotel/foro-hotel-backend-master/pkg/auth/login/jwt.go:41: realizando el parse en login RSA private: Invalid Key: Key must be a PEM encoded PKCS1 or PKCS8 key
ERROR: 2022/05/29 15:05:54 D:/Documentos/foro-hotel/foro-hotel-backend-master/pkg/negocio/negocios/repository_sql.go:177: c23ea656-c86b-4f84-acf4-42e2e998bb0a%!(EXTRA string= - couldn't execute getDatosBasicos: %v, mssql.Error=mssql: Could not find stored procedure 'dbo.Get_Data_Proyectos'.)
ERROR: 2022/05/29 15:06:03 D:/Documentos/foro-hotel/foro-hotel-backend-master/pkg/negocio/negocios/repository_sql.go:177: c23ea656-c86b-4f84-acf4-42e2e998bb0a%!(EXTRA string= - couldn't execute getDatosBasicos: %v, mssql.Error=mssql: Could not find stored procedure 'dbo.Get_Data_Proyectos'.)
ERROR: 2022/05/29 15:07:03 D:/Documentos/foro-hotel/foro-hotel-backend-master/pkg/negocio/negocios/repository_sql.go:177: c23ea656-c86b-4f84-acf4-42e2e998bb0a%!(EXTRA string= - couldn't execute getDatosBasicos: %v, mssql.Error=mssql: Could not find stored procedure 'dbo.Get_Data_Proyectos'.)
ERROR: 2022/05/29 15:08:26 D:/Documentos/foro-hotel/foro-hotel-backend-master/pkg/auth/users/repository_sql.go:21: c23ea656-c86b-4f84-acf4-42e2e998bb0a -cound't insert User: %V mssql: String or binary data would be truncated in table 'foro_hotel.dbo.users', column 'password'. Truncated value: '$2a$10$edv0xDkC0Ik3vwiFpsSdFewhmonv/bBsL30.LZHFN2X'.
ERROR: 2022/05/29 15:08:26 D:/Documentos/foro-hotel/foro-hotel-backend-master/pkg/auth/users/application_service.go:51: c23ea656-c86b-4f84-acf4-42e2e998bb0a  - couldn't create User : mssql: String or binary data would be truncated in table 'foro_hotel.dbo.users', column 'password'. Truncated value: '$2a$10$edv0xDkC0Ik3vwiFpsSdFewhmonv/bBsL30.LZHFN2X'.
ERROR: 2022/05/29 15:08:26 D:/Documentos/foro-hotel/foro-hotel-backend-master/api/handle/auth/handler.go:37: couldn't create user: mssql: String or binary data would be truncated in table 'foro_hotel.dbo.users', column 'password'. Truncated value: '$2a$10$edv0xDkC0Ik3vwiFpsSdFewhmonv/bBsL30.LZHFN2X'.
ERROR: 2022/05/29 15:09:36 D:/Documentos/foro-hotel/foro-hotel-backend-master/pkg/auth/login/jwt.go:36: leyendo el archivo privado de firma: open ../rsa/app.rsa: The system cannot find the path specified.
ERROR: 2022/05/29 15:09:36 D:/Documentos/foro-hotel/foro-hotel-backend-master/pkg/auth/login/jwt.go:41: realizando el parse en login RSA private: Invalid Key: Key must be a PEM encoded PKCS1 or PKCS8 key
ERROR: 2022/05/29 15:09:54 D:/Documentos/foro-hotel/foro-hotel-backend-master/pkg/auth/users/repository_sql.go:21: 35cd5fbf-8d74-4f76-91ea-e92546dea28c -cound't insert User: %V mssql: String or binary data would be truncated in table 'foro_hotel.dbo.users', column 'password'. Truncated value: '$2a$10$4mIkChPeUyY1NfZ.EV1u7ONUEkJgYYfTSAVw3x/j9jT'.
ERROR: 2022/05/29 15:09:54 D:/Documentos/foro-hotel/foro-hotel-backend-master/pkg/auth/users/application_service.go:51: 35cd5fbf-8d74-4f76-91ea-e92546dea28c  - couldn't create User : mssql: String or binary data would be truncated in table 'foro_hotel.dbo.users', column 'password'. Truncated value: '$2a$10$4mIkChPeUyY1NfZ.EV1u7ONUEkJgYYfTSAVw3x/j9jT'.
ERROR: 2022/05/29 15:09:54 D:/Documentos/foro-hotel/foro-hotel-backend-master/api/handle/auth/handler.go:37: couldn't create user: mssql: String or binary data would be truncated in table 'foro_hotel.dbo.users', column 'password'. Truncated value: '$2a$10$4mIkChPeUyY1NfZ.EV1u7ONUEkJgYYfTSAVw3x/j9jT'.
ERROR: 2022/05/29 15:10:35 D:/Documentos/foro-hotel/foro-hotel-backend-master/pkg/auth/login/jwt.go:36: leyendo el archivo privado de firma: open ../rsa/app.rsa: The system cannot find the path specified.
ERROR: 2022/05/29 15:10:35 D:/Documentos/foro-hotel/foro-hotel-backend-master/pkg/auth/login/jwt.go:41: realizando el parse en login RSA private: Invalid Key: Key must be a PEM encoded PKCS1 or PKCS8 key
ERROR: 2022/05/29 15:11:44 D:/Documentos/foro-hotel/foro-hotel-backend-master/pkg/auth/users/repository_sql.go:21: 75d10481-ed25-45ea-9108-c3c125e61a23 -cound't insert User: %V mssql: String or binary data would be truncated in table 'foro_hotel.dbo.users', column 'password'. Truncated value: '$2a$10$BedaGErSlH3nJnep2uwHqeD2Msg5k/z4DwotMyHe1Gf'.
ERROR: 2022/05/29 15:11:44 D:/Documentos/foro-hotel/foro-hotel-backend-master/pkg/auth/users/application_service.go:51: 75d10481-ed25-45ea-9108-c3c125e61a23  - couldn't create User : mssql: String or binary data would be truncated in table 'foro_hotel.dbo.users', column 'password'. Truncated value: '$2a$10$BedaGErSlH3nJnep2uwHqeD2Msg5k/z4DwotMyHe1Gf'.
ERROR: 2022/05/29 15:11:44 D:/Documentos/foro-hotel/foro-hotel-backend-master/api/handle/auth/handler.go:37: couldn't create user: mssql: String or binary data would be truncated in table 'foro_hotel.dbo.users', column 'password'. Truncated value: '$2a$10$BedaGErSlH3nJnep2uwHqeD2Msg5k/z4DwotMyHe1Gf'.
ERROR: 2022/05/29 15:12:15 D:/Documentos/foro-hotel/foro-hotel-backend-master/pkg/auth/users/repository_sql.go:73: 75d10481-ed25-45ea-9108-c3c125e61a23 -cound't insert User: %V mssql: Invalid object name 'dbo.login'.
ERROR: 2022/05/29 15:12:15 D:/Documentos/foro-hotel/foro-hotel-backend-master/pkg/auth/users/application_service.go:72: 75d10481-ed25-45ea-9108-c3c125e61a23  - couldn't getByNickName row: Error en insertar el usuario!
ERROR: 2022/05/29 15:12:50 D:/Documentos/foro-hotel/foro-hotel-backend-master/pkg/auth/users/repository_sql.go:73: 75d10481-ed25-45ea-9108-c3c125e61a23 -cound't insert User: %V mssql: Invalid object name 'dbo.login'.
ERROR: 2022/05/29 15:12:50 D:/Documentos/foro-hotel/foro-hotel-backend-master/pkg/auth/users/application_service.go:72: 75d10481-ed25-45ea-9108-c3c125e61a23  - couldn't getByNickName row: Error en insertar el usuario!
ERROR: 2022/05/29 15:13:39 D:/Documentos/foro-hotel/foro-hotel-backend-master/pkg/auth/login/jwt.go:36: leyendo el archivo privado de firma: open ../rsa/app.rsa: The system cannot find the path specified.
ERROR: 2022/05/29 15:13:39 D:/Documentos/foro-hotel/foro-hotel-backend-master/pkg/auth/login/jwt.go:41: realizando el parse en login RSA private: Invalid Key: Key must be a PEM encoded PKCS1 or PKCS8 key
ERROR: 2022/05/29 15:14:05 D:/Documentos/foro-hotel/foro-hotel-backend-master/pkg/auth/users/repository_sql.go:73: b3e49f52-a5d4-4cf8-ad25-1244f3e96641 -cound't insert User: %V mssql: Invalid object name 'dbo.login'.
ERROR: 2022/05/29 15:14:05 D:/Documentos/foro-hotel/foro-hotel-backend-master/pkg/auth/users/application_service.go:72: b3e49f52-a5d4-4cf8-ad25-1244f3e96641  - couldn't getByNickName row: Error en insertar el usuario!
ERROR: 2022/05/29 15:27:15 D:/Documentos/foro-hotel/foro-hotel-backend-master/api/handle/auth/handler.go:37: couldn't create user: El usuario ya existe!
ERROR: 2022/05/29 15:27:15 D:/Documentos/foro-hotel/foro-hotel-backend-master/api/handle/auth/handler.go:37: couldn't create user: El usuario ya existe!
ERROR: 2022/05/29 15:45:49 D:/Documentos/foro-hotel/foro-hotel-backend-master/pkg/auth/users/repository_sql.go:73: b3e49f52-a5d4-4cf8-ad25-1244f3e96641 -cound't insert User: %V mssql: Invalid object name 'dbo.login'.
ERROR: 2022/05/29 15:45:49 D:/Documentos/foro-hotel/foro-hotel-backend-master/pkg/auth/users/application_service.go:72: b3e49f52-a5d4-4cf8-ad25-1244f3e96641  - couldn't getByNickName row: Error en insertar el usuario!
ERROR: 2022/05/29 15:46:13 D:/Documentos/foro-hotel/foro-hotel-backend-master/pkg/auth/users/repository_sql.go:73: b3e49f52-a5d4-4cf8-ad25-1244f3e96641 -cound't insert User: %V mssql: Invalid object name 'dbo.login'.
ERROR: 2022/05/29 15:46:13 D:/Documentos/foro-hotel/foro-hotel-backend-master/pkg/auth/users/application_service.go:72: b3e49f52-a5d4-4cf8-ad25-1244f3e96641  - couldn't getByNickName row: Error en insertar el usuario!
ERROR: 2022/05/29 15:47:19 D:/Documentos/foro-hotel/foro-hotel-backend-master/pkg/auth/users/repository_sql.go:73: 2502efd5-b3f1-432f-bf52-c3c18a2c2f9e -cound't insert User: %V mssql: Invalid object name 'dbo.login'.
ERROR: 2022/05/29 15:47:19 D:/Documentos/foro-hotel/foro-hotel-backend-master/pkg/auth/users/application_service.go:72: 2502efd5-b3f1-432f-bf52-c3c18a2c2f9e  - couldn't getByNickName row: Error en insertar el usuario!
ERROR: 2022/05/29 15:51:07 D:/Documentos/foro-hotel/foro-hotel-backend-master/pkg/negocio/negocios/application_service.go:58: 7eafa9df-fb85-4641-94cd-df68a39c6ee1  - couldn't getByNickName row: El usuario ya existe!
ERROR: 2022/05/29 15:51:07 D:/Documentos/foro-hotel/foro-hotel-backend-master/api/handle/negocio/extract/handler.go:35: couldn't create negocio: El usuario ya existe!
ERROR: 2022/05/29 15:51:07 D:/Documentos/foro-hotel/foro-hotel-backend-master/pkg/data/profile/application_service.go:74: 7eafa9df-fb85-4641-94cd-df68a39c6ee1  - couldn't getByNickName row: Error en obtener el negocio!
ERROR: 2022/05/29 15:51:07 D:/Documentos/foro-hotel/foro-hotel-backend-master/api/handle/country/handler.go:34: couldn't create negocio: Error en obtener el negocio!
ERROR: 2022/05/29 15:51:07 D:/Documentos/foro-hotel/foro-hotel-backend-master/pkg/data/profile/application_service.go:92: 7eafa9df-fb85-4641-94cd-df68a39c6ee1  - couldn't getByNickName row: Error en obtener el negocio!
ERROR: 2022/05/29 15:51:07 D:/Documentos/foro-hotel/foro-hotel-backend-master/api/handle/reservaciones/handler.go:35: couldn't create negocio: Error en obtener el negocio!
ERROR: 2022/05/29 15:51:07 D:/Documentos/foro-hotel/foro-hotel-backend-master/pkg/data/profile/application_service.go:83: 7eafa9df-fb85-4641-94cd-df68a39c6ee1  - couldn't getByNickName row: Error en obtener el negocio!
ERROR: 2022/05/29 15:51:07 D:/Documentos/foro-hotel/foro-hotel-backend-master/api/handle/city/handler.go:34: couldn't create negocio: Error en obtener el negocio!
ERROR: 2022/05/29 15:52:19 D:/Documentos/foro-hotel/foro-hotel-backend-master/pkg/negocio/negocios/application_service.go:58: 7eafa9df-fb85-4641-94cd-df68a39c6ee1  - couldn't getByNickName row: El usuario ya existe!
ERROR: 2022/05/29 15:52:19 D:/Documentos/foro-hotel/foro-hotel-backend-master/api/handle/negocio/extract/handler.go:35: couldn't create negocio: El usuario ya existe!
ERROR: 2022/05/29 15:52:19 D:/Documentos/foro-hotel/foro-hotel-backend-master/pkg/data/profile/application_service.go:92: 7eafa9df-fb85-4641-94cd-df68a39c6ee1  - couldn't getByNickName row: Error en obtener el negocio!
ERROR: 2022/05/29 15:52:19 D:/Documentos/foro-hotel/foro-hotel-backend-master/api/handle/reservaciones/handler.go:35: couldn't create negocio: Error en obtener el negocio!
ERROR: 2022/05/29 15:52:19 D:/Documentos/foro-hotel/foro-hotel-backend-master/pkg/data/profile/application_service.go:83: 7eafa9df-fb85-4641-94cd-df68a39c6ee1  - couldn't getByNickName row: Error en obtener el negocio!
ERROR: 2022/05/29 15:52:19 D:/Documentos/foro-hotel/foro-hotel-backend-master/api/handle/city/handler.go:34: couldn't create negocio: Error en obtener el negocio!
ERROR: 2022/05/29 15:52:19 D:/Documentos/foro-hotel/foro-hotel-backend-master/pkg/data/profile/application_service.go:74: 7eafa9df-fb85-4641-94cd-df68a39c6ee1  - couldn't getByNickName row: Error en obtener el negocio!
ERROR: 2022/05/29 15:52:19 D:/Documentos/foro-hotel/foro-hotel-backend-master/api/handle/country/handler.go:34: couldn't create negocio: Error en obtener el negocio!
ERROR: 2022/05/29 16:07:40 D:/Documentos/foro-hotel/foro-hotel-backend-master/pkg/negocio/negocios/application_service.go:58: 7eafa9df-fb85-4641-94cd-df68a39c6ee1  - couldn't getByNickName row: El usuario ya existe!
ERROR: 2022/05/29 16:07:40 D:/Documentos/foro-hotel/foro-hotel-backend-master/api/handle/negocio/extract/handler.go:35: couldn't create negocio: El usuario ya existe!
ERROR: 2022/05/29 16:07:40 D:/Documentos/foro-hotel/foro-hotel-backend-master/pkg/data/profile/application_service.go:92: 7eafa9df-fb85-4641-94cd-df68a39c6ee1  - couldn't getByNickName row: Error en obtener el negocio!
ERROR: 2022/05/29 16:07:40 D:/Documentos/foro-hotel/foro-hotel-backend-master/api/handle/reservaciones/handler.go:35: couldn't create negocio: Error en obtener el negocio!
ERROR: 2022/05/29 16:08:37 D:/Documentos/foro-hotel/foro-hotel-backend-master/pkg/negocio/negocios/application_service.go:58: 7eafa9df-fb85-4641-94cd-df68a39c6ee1  - couldn't getByNickName row: El usuario ya existe!
ERROR: 2022/05/29 16:08:37 D:/Documentos/foro-hotel/foro-hotel-backend-master/api/handle/negocio/extract/handler.go:35: couldn't create negocio: El usuario ya existe!
ERROR: 2022/05/29 16:08:37 D:/Documentos/foro-hotel/foro-hotel-backend-master/pkg/data/profile/application_service.go:92: 7eafa9df-fb85-4641-94cd-df68a39c6ee1  - couldn't getByNickName row: Error en obtener el negocio!
ERROR: 2022/05/29 16:08:37 D:/Documentos/foro-hotel/foro-hotel-backend-master/api/handle/reservaciones/handler.go:35: couldn't create negocio: Error en obtener el negocio!
ERROR: 2022/05/29 16:12:07 D:/Documentos/foro-hotel/foro-hotel-backend-master/pkg/negocio/negocios/application_service.go:58: 7eafa9df-fb85-4641-94cd-df68a39c6ee1  - couldn't getByNickName row: El usuario ya existe!
ERROR: 2022/05/29 16:12:07 D:/Documentos/foro-hotel/foro-hotel-backend-master/api/handle/negocio/extract/handler.go:35: couldn't create negocio: El usuario ya existe!
ERROR: 2022/05/29 16:12:07 D:/Documentos/foro-hotel/foro-hotel-backend-master/pkg/data/profile/application_service.go:92: 7eafa9df-fb85-4641-94cd-df68a39c6ee1  - couldn't getByNickName row: Error en obtener el negocio!
ERROR: 2022/05/29 16:12:07 D:/Documentos/foro-hotel/foro-hotel-backend-master/api/handle/reservaciones/handler.go:35: couldn't create negocio: Error en obtener el negocio!
ERROR: 2022/05/29 16:13:02 D:/Documentos/foro-hotel/foro-hotel-backend-master/pkg/negocio/negocios/application_service.go:58: e354856f-fef3-4ee7-a43b-556b71701201  - couldn't getByNickName row: El usuario ya existe!
ERROR: 2022/05/29 16:13:02 D:/Documentos/foro-hotel/foro-hotel-backend-master/api/handle/negocio/extract/handler.go:35: couldn't create negocio: El usuario ya existe!
ERROR: 2022/05/29 16:13:02 D:/Documentos/foro-hotel/foro-hotel-backend-master/pkg/data/profile/application_service.go:92: e354856f-fef3-4ee7-a43b-556b71701201  - couldn't getByNickName row: Error en obtener el negocio!
ERROR: 2022/05/29 16:13:02 D:/Documentos/foro-hotel/foro-hotel-backend-master/api/handle/reservaciones/handler.go:35: couldn't create negocio: Error en obtener el negocio!
ERROR: 2022/05/29 16:13:34 D:/Documentos/foro-hotel/foro-hotel-backend-master/pkg/negocio/negocios/application_service.go:58: e354856f-fef3-4ee7-a43b-556b71701201  - couldn't getByNickName row: El usuario ya existe!
ERROR: 2022/05/29 16:13:34 D:/Documentos/foro-hotel/foro-hotel-backend-master/api/handle/negocio/extract/handler.go:35: couldn't create negocio: El usuario ya existe!
ERROR: 2022/05/29 16:13:34 D:/Documentos/foro-hotel/foro-hotel-backend-master/pkg/data/profile/application_service.go:92: e354856f-fef3-4ee7-a43b-556b71701201  - couldn't getByNickName row: Error en obtener el negocio!
ERROR: 2022/05/29 16:13:34 D:/Documentos/foro-hotel/foro-hotel-backend-master/api/handle/reservaciones/handler.go:35: couldn't create negocio: Error en obtener el negocio!
ERROR: 2022/05/29 16:20:23 D:/Documentos/foro-hotel/foro-hotel-backend-master/pkg/data/profile/application_service.go:92: e354856f-fef3-4ee7-a43b-556b71701201  - couldn't getByNickName row: Error en obtener el negocio!
ERROR: 2022/05/29 16:20:23 D:/Documentos/foro-hotel/foro-hotel-backend-master/api/handle/reservaciones/handler.go:35: couldn't create negocio: Error en obtener el negocio!
ERROR: 2022/05/29 16:31:39 D:/Documentos/foro-hotel/foro-hotel-backend-master/pkg/data/profile/application_service.go:83: d7546929-6294-4517-8a91-209122a25bb0  - couldn't getByNickName row: Error en obtener el negocio!
ERROR: 2022/05/29 16:31:39 D:/Documentos/foro-hotel/foro-hotel-backend-master/api/handle/city/handler.go:34: couldn't create negocio: Error en obtener el negocio!
ERROR: 2022/05/29 16:31:48 D:/Documentos/foro-hotel/foro-hotel-backend-master/pkg/data/profile/repository_psql.go:43: d7546929-6294-4517-8a91-209122a25bb0%!(EXTRA string= - couldn't execute getDatosBasicos: %v, mssql.Error=mssql: Could not find stored procedure 'dbo.Get_Comentarios'.)
ERROR: 2022/05/29 16:33:12 D:/Documentos/foro-hotel/foro-hotel-backend-master/pkg/negocio/negocios/repository_sql.go:23: d7546929-6294-4517-8a91-209122a25bb0 -cound't insert User: %V mssql: Invalid column name 'second_date'.
ERROR: 2022/05/29 16:33:12 D:/Documentos/foro-hotel/foro-hotel-backend-master/api/handle/negocio/register/handler.go:36: couldn't create user: Error en insertar el negocio!
ERROR: 2022/05/29 16:38:15 D:/Documentos/foro-hotel/foro-hotel-backend-master/pkg/negocio/negocios/application_service.go:58: 29ce7fbd-a0bd-4089-ba05-fbd93cb5ec16  - couldn't getByNickName row: El usuario ya existe!
ERROR: 2022/05/29 16:38:15 D:/Documentos/foro-hotel/foro-hotel-backend-master/api/handle/negocio/extract/handler.go:35: couldn't create negocio: El usuario ya existe!
ERROR: 2022/05/29 16:42:13 D:/Documentos/foro-hotel/foro-hotel-backend-master/pkg/negocio/negocios/application_service.go:58: 30c4a65f-8019-449a-9845-1fb2fe91a738  - couldn't getByNickName row: El usuario ya existe!
ERROR: 2022/05/29 16:42:13 D:/Documentos/foro-hotel/foro-hotel-backend-master/api/handle/negocio/extract/handler.go:35: couldn't create negocio: El usuario ya existe!
ERROR: 2022/05/29 16:42:13 D:/Documentos/foro-hotel/foro-hotel-backend-master/pkg/data/profile/application_service.go:74: 30c4a65f-8019-449a-9845-1fb2fe91a738  - couldn't getByNickName row: Error en obtener el negocio!
ERROR: 2022/05/29 16:42:13 D:/Documentos/foro-hotel/foro-hotel-backend-master/pkg/data/profile/application_service.go:92: 30c4a65f-8019-449a-9845-1fb2fe91a738  - couldn't getByNickName row: Error en obtener el negocio!
ERROR: 2022/05/29 16:42:13 D:/Documentos/foro-hotel/foro-hotel-backend-master/api/handle/country/handler.go:34: couldn't create negocio: Error en obtener el negocio!
ERROR: 2022/05/29 16:42:13 D:/Documentos/foro-hotel/foro-hotel-backend-master/pkg/data/profile/application_service.go:83: 30c4a65f-8019-449a-9845-1fb2fe91a738  - couldn't getByNickName row: Error en obtener el negocio!
ERROR: 2022/05/29 16:42:16 D:/Documentos/foro-hotel/foro-hotel-backend-master/api/handle/reservaciones/handler.go:35: couldn't create negocio: Error en obtener el negocio!
ERROR: 2022/05/29 16:42:16 D:/Documentos/foro-hotel/foro-hotel-backend-master/api/handle/city/handler.go:34: couldn't create negocio: Error en obtener el negocio!
ERROR: 2022/05/29 16:43:12 D:/Documentos/foro-hotel/foro-hotel-backend-master/pkg/data/profile/repository_psql.go:43: 30c4a65f-8019-449a-9845-1fb2fe91a738%!(EXTRA string= - couldn't execute getDatosBasicos: %v, mssql.Error=mssql: Could not find stored procedure 'dbo.Get_Comentarios'.)
ERROR: 2022/05/29 16:44:10 D:/Documentos/foro-hotel/foro-hotel-backend-master/pkg/negocio/negocios/application_service.go:58: 30c4a65f-8019-449a-9845-1fb2fe91a738  - couldn't getByNickName row: El usuario ya existe!
ERROR: 2022/05/29 16:44:10 D:/Documentos/foro-hotel/foro-hotel-backend-master/api/handle/negocio/extract/handler.go:35: couldn't create negocio: El usuario ya existe!
ERROR: 2022/05/29 16:48:59 D:/Documentos/foro-hotel/foro-hotel-backend-master/pkg/negocio/negocios/application_service.go:58: 30c4a65f-8019-449a-9845-1fb2fe91a738  - couldn't getByNickName row: El usuario ya existe!
ERROR: 2022/05/29 16:48:59 D:/Documentos/foro-hotel/foro-hotel-backend-master/api/handle/negocio/extract/handler.go:35: couldn't create negocio: El usuario ya existe!
ERROR: 2022/05/29 16:49:05 D:/Documentos/foro-hotel/foro-hotel-backend-master/pkg/negocio/negocios/application_service.go:58: 30c4a65f-8019-449a-9845-1fb2fe91a738  - couldn't getByNickName row: El usuario ya existe!
ERROR: 2022/05/29 16:49:05 D:/Documentos/foro-hotel/foro-hotel-backend-master/api/handle/negocio/extract/handler.go:35: couldn't create negocio: El usuario ya existe!
ERROR: 2022/05/29 16:49:05 D:/Documentos/foro-hotel/foro-hotel-backend-master/pkg/data/profile/repository_psql.go:43: 30c4a65f-8019-449a-9845-1fb2fe91a738%!(EXTRA string= - couldn't execute getDatosBasicos: %v, mssql.Error=mssql: Could not find stored procedure 'dbo.Get_Comentarios'.)
ERROR: 2022/05/29 16:51:10 D:/Documentos/foro-hotel/foro-hotel-backend-master/pkg/data/profile/repository_psql.go:43: 30c4a65f-8019-449a-9845-1fb2fe91a738%!(EXTRA string= - couldn't execute getDatosBasicos: %v, mssql.Error=mssql: Could not find stored procedure 'dbo.Get_Comentarios'.)
ERROR: 2022/05/29 16:52:09 D:/Documentos/foro-hotel/foro-hotel-backend-master/pkg/data/profile/repository_psql.go:43: 30c4a65f-8019-449a-9845-1fb2fe91a738%!(EXTRA string= - couldn't execute getDatosBasicos: %v, mssql.Error=mssql: Could not find stored procedure 'dbo.Get_Comentarios'.)
ERROR: 2022/05/29 16:57:52 D:/Documentos/foro-hotel/foro-hotel-backend-master/pkg/data/profile/repository_psql.go:43: 331baa14-85cd-43c2-858d-43009846704c%!(EXTRA string= - couldn't execute getDatosBasicos: %v, mssql.Error=mssql: Could not find stored procedure 'dbo.Get_Comentarios'.)
ERROR: 2022/05/29 17:01:42 D:/Documentos/foro-hotel/foro-hotel-backend-master/pkg/data/profile/repository_psql.go:43: 331baa14-85cd-43c2-858d-43009846704c%!(EXTRA string= - couldn't execute getDatosBasicos: %v, mssql.Error=mssql: Could not find stored procedure 'dbo.Get_Comentarios'.)
ERROR: 2022/05/29 17:03:41 D:/Documentos/foro-hotel/foro-hotel-backend-master/pkg/auth/users/repository_sql.go:94: 331baa14-85cd-43c2-858d-43009846704c -cound't insert User: %V mssql: Invalid column name 'type_url'.
ERROR: 2022/05/29 17:03:41 D:/Documentos/foro-hotel/foro-hotel-backend-master/pkg/auth/users/application_service.go:81: 331baa14-85cd-43c2-858d-43009846704c  - error in saved iamge: Error en insertar el negocio!
ERROR: 2022/05/29 17:03:41 D:/Documentos/foro-hotel/foro-hotel-backend-master/api/handle/imageperfil/handler.go:53: couldn't create negocio: Error en insertar el negocio!
ERROR: 2022/05/29 17:06:11 D:/Documentos/foro-hotel/foro-hotel-backend-master/pkg/auth/users/repository_sql.go:94: 576b5f4f-8efc-4d1a-80c6-f2a62e672804 -cound't insert User: %V mssql: Invalid column name 'type_url'.
ERROR: 2022/05/29 17:06:11 D:/Documentos/foro-hotel/foro-hotel-backend-master/pkg/auth/users/application_service.go:80: 576b5f4f-8efc-4d1a-80c6-f2a62e672804  - error in saved iamge: Error en insertar el negocio!
ERROR: 2022/05/29 17:06:11 D:/Documentos/foro-hotel/foro-hotel-backend-master/api/handle/imageperfil/handler.go:53: couldn't create negocio: Error en insertar el negocio!
ERROR: 2022/05/29 17:08:03 D:/Documentos/foro-hotel/foro-hotel-backend-master/pkg/auth/users/repository_sql.go:94: 5bf59845-d7ea-4ecc-aeaf-b24c17f03742 -cound't insert User: %V mssql: Invalid column name 'type_url'.
ERROR: 2022/05/29 17:08:59 D:/Documentos/foro-hotel/foro-hotel-backend-master/pkg/auth/users/repository_sql.go:94: 245c015a-b870-4009-9c27-1522ab027db0 -cound't insert User: %V mssql: Invalid column name 'type_url'.
ERROR: 2022/05/29 17:08:59 D:/Documentos/foro-hotel/foro-hotel-backend-master/pkg/auth/users/application_service.go:80: 245c015a-b870-4009-9c27-1522ab027db0  - error in saved iamge: Error en insertar el negocio!
ERROR: 2022/05/29 17:19:29 D:/Documentos/foro-hotel/foro-hotel-backend-master/pkg/negocio/negocios/repository_sql.go:177: af697e54-8adc-4b46-872b-64a184fdb46c%!(EXTRA string= - couldn't execute getDatosBasicos: %v, *errors.errorString=missing destination name updated_at in *[]*negocios.Negocio)
ERROR: 2022/05/29 17:19:31 D:/Documentos/foro-hotel/foro-hotel-backend-master/pkg/data/profile/repository_psql.go:43: af697e54-8adc-4b46-872b-64a184fdb46c%!(EXTRA string= - couldn't execute getDatosBasicos: %v, mssql.Error=mssql: Could not find stored procedure 'dbo.Get_Comentarios'.)
ERROR: 2022/05/29 17:19:54 D:/Documentos/foro-hotel/foro-hotel-backend-master/api/handle/procedure/handler.go:49: couldn't obtener imagen: read ./images/: The handle is invalid.
ERROR: 2022/05/29 17:22:02 D:/Documentos/foro-hotel/foro-hotel-backend-master/api/handle/procedure/handler.go:49: couldn't obtener imagen: read ./images/: The handle is invalid.
ERROR: 2022/05/29 17:22:11 D:/Documentos/foro-hotel/foro-hotel-backend-master/pkg/data/profile/repository_psql.go:43: af697e54-8adc-4b46-872b-64a184fdb46c%!(EXTRA string= - couldn't execute getDatosBasicos: %v, mssql.Error=mssql: Could not find stored procedure 'dbo.Get_Comentarios'.)
ERROR: 2022/05/29 17:23:46 D:/Documentos/foro-hotel/foro-hotel-backend-master/pkg/negocio/negocios/application_service.go:58: af697e54-8adc-4b46-872b-64a184fdb46c  - couldn't getByNickName row: El usuario ya existe!
ERROR: 2022/05/29 17:23:46 D:/Documentos/foro-hotel/foro-hotel-backend-master/api/handle/negocio/extract/handler.go:35: couldn't create negocio: El usuario ya existe!
ERROR: 2022/05/29 17:25:05 D:/Documentos/foro-hotel/foro-hotel-backend-master/pkg/data/profile/repository_psql.go:43: 86ce410e-026d-47e9-8eb0-1a5e5852de10%!(EXTRA string= - couldn't execute getDatosBasicos: %v, mssql.Error=mssql: Could not find stored procedure 'dbo.Get_Comentarios'.)
ERROR: 2022/05/29 17:27:53 D:/Documentos/foro-hotel/foro-hotel-backend-master/pkg/negocio/negocios/application_service.go:58: 86ce410e-026d-47e9-8eb0-1a5e5852de10  - couldn't getByNickName row: El usuario ya existe!
ERROR: 2022/05/29 17:27:53 D:/Documentos/foro-hotel/foro-hotel-backend-master/api/handle/negocio/extract/handler.go:35: couldn't create negocio: El usuario ya existe!
ERROR: 2022/05/29 17:27:53 D:/Documentos/foro-hotel/foro-hotel-backend-master/pkg/data/profile/application_service.go:74: 86ce410e-026d-47e9-8eb0-1a5e5852de10  - couldn't getByNickName row: Error en obtener el negocio!
ERROR: 2022/05/29 17:27:53 D:/Documentos/foro-hotel/foro-hotel-backend-master/api/handle/country/handler.go:34: couldn't create negocio: Error en obtener el negocio!
ERROR: 2022/05/29 17:27:55 D:/Documentos/foro-hotel/foro-hotel-backend-master/pkg/data/profile/repository_psql.go:43: 86ce410e-026d-47e9-8eb0-1a5e5852de10%!(EXTRA string= - couldn't execute getDatosBasicos: %v, mssql.Error=mssql: Could not find stored procedure 'dbo.Get_Comentarios'.)
ERROR: 2022/05/29 17:29:21 D:/Documentos/foro-hotel/foro-hotel-backend-master/api/handle/procedure/handler.go:49: couldn't obtener imagen: read ./images/: The handle is invalid.
ERROR: 2022/05/29 17:36:03 D:/Documentos/foro-hotel/foro-hotel-backend-master/api/handle/procedure/handler.go:49: couldn't obtener imagen: read ./images/: The handle is invalid.
ERROR: 2022/05/29 17:36:47 D:/Documentos/foro-hotel/foro-hotel-backend-master/pkg/data/profile/repository_psql.go:43: e797f7ca-517f-45f7-9098-44b9e19e3ce0%!(EXTRA string= - couldn't execute getDatosBasicos: %v, mssql.Error=mssql: Could not find stored procedure 'dbo.Get_Comentarios'.)
ERROR: 2022/05/29 17:41:28 D:/Documentos/foro-hotel/foro-hotel-backend-master/pkg/data/profile/repository_psql.go:43: e797f7ca-517f-45f7-9098-44b9e19e3ce0%!(EXTRA string= - couldn't execute getDatosBasicos: %v, mssql.Error=mssql: Could not find stored procedure 'dbo.Get_Comentarios'.)
ERROR: 2022/05/29 17:42:34 D:/Documentos/foro-hotel/foro-hotel-backend-master/pkg/data/profile/repository_psql.go:43: e797f7ca-517f-45f7-9098-44b9e19e3ce0%!(EXTRA string= - couldn't execute getDatosBasicos: %v, mssql.Error=mssql: Could not find stored procedure 'dbo.Get_Comentarios'.)
ERROR: 2022/05/29 17:42:49 D:/Documentos/foro-hotel/foro-hotel-backend-master/pkg/data/profile/repository_psql.go:43: e797f7ca-517f-45f7-9098-44b9e19e3ce0%!(EXTRA string= - couldn't execute getDatosBasicos: %v, mssql.Error=mssql: Could not find stored procedure 'dbo.Get_Comentarios'.)
ERROR: 2022/05/29 17:43:10 D:/Documentos/foro-hotel/foro-hotel-backend-master/pkg/data/profile/repository_psql.go:43: e797f7ca-517f-45f7-9098-44b9e19e3ce0%!(EXTRA string= - couldn't execute getDatosBasicos: %v, mssql.Error=mssql: Could not find stored procedure 'dbo.Get_Comentarios'.)
ERROR: 2022/05/29 17:47:26 D:/Documentos/foro-hotel/foro-hotel-backend-master/pkg/data/profile/repository_psql.go:43: e797f7ca-517f-45f7-9098-44b9e19e3ce0%!(EXTRA string= - couldn't execute getDatosBasicos: %v, mssql.Error=mssql: Could not find stored procedure 'dbo.Get_Comentarios'.)
ERROR: 2022/05/29 17:49:14 D:/Documentos/foro-hotel/foro-hotel-backend-master/pkg/data/profile/repository_psql.go:43: e797f7ca-517f-45f7-9098-44b9e19e3ce0%!(EXTRA string= - couldn't execute getDatosBasicos: %v, mssql.Error=mssql: Could not find stored procedure 'dbo.Get_Comentarios'.)
ERROR: 2022/05/29 17:50:20 D:/Documentos/foro-hotel/foro-hotel-backend-master/pkg/data/profile/repository_psql.go:43: e797f7ca-517f-45f7-9098-44b9e19e3ce0%!(EXTRA string= - couldn't execute getDatosBasicos: %v, mssql.Error=mssql: Could not find stored procedure 'dbo.Get_Comentarios'.)
ERROR: 2022/05/29 17:56:32 D:/Documentos/foro-hotel/foro-hotel-backend-master/pkg/data/profile/repository_psql.go:43: 9f8e06a6-5777-43d4-b2f8-b999b7124cf2%!(EXTRA string= - couldn't execute getDatosBasicos: %v, mssql.Error=mssql: Could not find stored procedure 'dbo.Get_Comentarios'.)
ERROR: 2022/05/29 18:04:37 D:/Documentos/foro-hotel/foro-hotel-backend-master/pkg/data/profile/repository_psql.go:43: 4bae771b-143b-458b-bb16-08c533f76938%!(EXTRA string= - couldn't execute getDatosBasicos: %v, mssql.Error=mssql: Could not find stored procedure 'dbo.Get_Comentarios'.)
ERROR: 2022/05/29 18:06:41 D:/Documentos/foro-hotel/foro-hotel-backend-master/pkg/data/profile/repository_psql.go:43: a6c72f82-bd9b-408d-8ed4-18e4a4ddce20%!(EXTRA string= - couldn't execute getDatosBasicos: %v, mssql.Error=mssql: Could not find stored procedure 'dbo.Get_Comentarios'.)
ERROR: 2022/05/29 18:07:14 D:/Documentos/foro-hotel/foro-hotel-backend-master/pkg/data/profile/repository_psql.go:43: a6c72f82-bd9b-408d-8ed4-18e4a4ddce20%!(EXTRA string= - couldn't execute getDatosBasicos: %v, mssql.Error=mssql: Could not find stored procedure 'dbo.Get_Comentarios'.)
ERROR: 2022/05/29 18:08:56 D:/Documentos/foro-hotel/foro-hotel-backend-master/pkg/data/profile/repository_psql.go:43: a6c72f82-bd9b-408d-8ed4-18e4a4ddce20%!(EXTRA string= - couldn't execute getDatosBasicos: %v, mssql.Error=mssql: Could not find stored procedure 'dbo.Get_Comentarios'.)
ERROR: 2022/05/29 18:09:25 D:/Documentos/foro-hotel/foro-hotel-backend-master/pkg/data/profile/repository_psql.go:43: a6c72f82-bd9b-408d-8ed4-18e4a4ddce20%!(EXTRA string= - couldn't execute getDatosBasicos: %v, mssql.Error=mssql: Could not find stored procedure 'dbo.Get_Comentarios'.)
ERROR: 2022/05/29 18:13:44 D:/Documentos/foro-hotel/foro-hotel-backend-master/pkg/negocio/negocios/application_service.go:131: a6c72f82-bd9b-408d-8ed4-18e4a4ddce20  - couldn't getByNickName row: Error en obtener el negocio!
ERROR: 2022/05/29 18:13:44 D:/Documentos/foro-hotel/foro-hotel-backend-master/api/handle/comentarios/extract/handler.go:35: couldn't create negocio: Error en obtener el negocio!
ERROR: 2022/05/29 18:13:56 D:/Documentos/foro-hotel/foro-hotel-backend-master/pkg/negocio/negocios/application_service.go:131: a6c72f82-bd9b-408d-8ed4-18e4a4ddce20  - couldn't getByNickName row: Error en obtener el negocio!
ERROR: 2022/05/29 18:13:56 D:/Documentos/foro-hotel/foro-hotel-backend-master/api/handle/comentarios/extract/handler.go:35: couldn't create negocio: Error en obtener el negocio!
ERROR: 2022/05/29 18:15:15 D:/Documentos/foro-hotel/foro-hotel-backend-master/pkg/negocio/negocios/application_service.go:131: 94492446-3f49-42a0-aa58-49b751f4856e  - couldn't getByNickName row: Error en obtener el negocio!
ERROR: 2022/05/29 18:15:15 D:/Documentos/foro-hotel/foro-hotel-backend-master/api/handle/comentarios/extract/handler.go:35: couldn't create negocio: Error en obtener el negocio!
ERROR: 2022/05/29 18:16:03 D:/Documentos/foro-hotel/foro-hotel-backend-master/pkg/negocio/negocios/application_service.go:131: 94492446-3f49-42a0-aa58-49b751f4856e  - couldn't getByNickName row: Error en obtener el negocio!
ERROR: 2022/05/29 18:16:03 D:/Documentos/foro-hotel/foro-hotel-backend-master/api/handle/comentarios/extract/handler.go:35: couldn't create negocio: Error en obtener el negocio!
ERROR: 2022/05/29 18:23:10 D:/Documentos/foro-hotel/foro-hotel-backend-master/api/handle/comentarios/extract/handler.go:35: couldn't create negocio: Error en la peticion!
ERROR: 2022/05/29 18:24:03 D:/Documentos/foro-hotel/foro-hotel-backend-master/api/handle/comentarios/extract/handler.go:35: couldn't create negocio: Error en la peticion!
ERROR: 2022/05/29 18:26:14 D:/Documentos/foro-hotel/foro-hotel-backend-master/api/handle/comentarios/extract/handler.go:35: couldn't create negocio: Error en la peticion!
ERROR: 2022/05/29 18:27:01 D:/Documentos/foro-hotel/foro-hotel-backend-master/pkg/data/profile/repository_psql.go:43: 0abe5713-038b-49a7-b045-94a6f0a91faa%!(EXTRA string= - couldn't execute getDatosBasicos: %v, mssql.Error=mssql: Could not find stored procedure 'dbo.Get_Comentarios'.)
ERROR: 2022/05/29 18:28:35 D:/Documentos/foro-hotel/foro-hotel-backend-master/api/handle/comentarios/extract/handler.go:35: couldn't create negocio: Error en la peticion!
ERROR: 2022/05/29 18:29:20 D:/Documentos/foro-hotel/foro-hotel-backend-master/api/handle/comentarios/extract/handler.go:35: couldn't create negocio: Error en la peticion!
ERROR: 2022/05/29 18:31:45 D:/Documentos/foro-hotel/foro-hotel-backend-master/pkg/data/profile/repository_psql.go:43: 8c535451-cb25-4c21-9f63-3d04d62ba8f1%!(EXTRA string= - couldn't execute getDatosBasicos: %v, mssql.Error=mssql: Could not find stored procedure 'dbo.Get_Comentarios'.)
ERROR: 2022/05/29 18:32:39 D:/Documentos/foro-hotel/foro-hotel-backend-master/pkg/data/profile/repository_psql.go:43: 8c535451-cb25-4c21-9f63-3d04d62ba8f1%!(EXTRA string= - couldn't execute getDatosBasicos: %v, mssql.Error=mssql: Could not find stored procedure 'dbo.Get_Comentarios'.)
ERROR: 2022/05/29 18:33:04 D:/Documentos/foro-hotel/foro-hotel-backend-master/api/handle/comentarios/extract/handler.go:35: couldn't create negocio: Error en la peticion!
ERROR: 2022/05/29 18:33:21 D:/Documentos/foro-hotel/foro-hotel-backend-master/pkg/data/profile/repository_psql.go:43: 8c535451-cb25-4c21-9f63-3d04d62ba8f1%!(EXTRA string= - couldn't execute getDatosBasicos: %v, mssql.Error=mssql: Could not find stored procedure 'dbo.Get_Comentarios'.)
ERROR: 2022/05/29 18:34:21 D:/Documentos/foro-hotel/foro-hotel-backend-master/pkg/data/profile/repository_psql.go:43: 8c535451-cb25-4c21-9f63-3d04d62ba8f1%!(EXTRA string= - couldn't execute getDatosBasicos: %v, mssql.Error=mssql: Could not find stored procedure 'dbo.Get_Comentarios'.)
ERROR: 2022/05/29 18:35:17 D:/Documentos/foro-hotel/foro-hotel-backend-master/pkg/data/profile/repository_psql.go:43: 8c535451-cb25-4c21-9f63-3d04d62ba8f1%!(EXTRA string= - couldn't execute getDatosBasicos: %v, mssql.Error=mssql: Could not find stored procedure 'dbo.Get_Comentarios'.)
ERROR: 2022/05/29 18:36:03 D:/Documentos/foro-hotel/foro-hotel-backend-master/pkg/data/profile/repository_psql.go:43: 8c535451-cb25-4c21-9f63-3d04d62ba8f1%!(EXTRA string= - couldn't execute getDatosBasicos: %v, mssql.Error=mssql: Could not find stored procedure 'dbo.Get_Comentarios'.)
ERROR: 2022/05/29 18:36:10 D:/Documentos/foro-hotel/foro-hotel-backend-master/pkg/data/profile/repository_psql.go:43: 8c535451-cb25-4c21-9f63-3d04d62ba8f1%!(EXTRA string= - couldn't execute getDatosBasicos: %v, mssql.Error=mssql: Could not find stored procedure 'dbo.Get_Comentarios'.)
ERROR: 2022/05/29 18:36:56 D:/Documentos/foro-hotel/foro-hotel-backend-master/pkg/data/profile/repository_psql.go:43: 8c535451-cb25-4c21-9f63-3d04d62ba8f1%!(EXTRA string= - couldn't execute getDatosBasicos: %v, mssql.Error=mssql: Could not find stored procedure 'dbo.Get_Comentarios'.)
ERROR: 2022/05/29 18:59:18 D:/Documentos/foro-hotel/foro-hotel-backend-master/pkg/data/profile/repository_psql.go:43: 8c535451-cb25-4c21-9f63-3d04d62ba8f1%!(EXTRA string= - couldn't execute getDatosBasicos: %v, mssql.Error=mssql: Could not find stored procedure 'dbo.Get_Comentarios'.)
ERROR: 2022/05/29 19:00:52 D:/Documentos/foro-hotel/foro-hotel-backend-master/pkg/data/profile/repository_psql.go:43: 8c535451-cb25-4c21-9f63-3d04d62ba8f1%!(EXTRA string= - couldn't execute getDatosBasicos: %v, mssql.Error=mssql: Could not find stored procedure 'dbo.Get_Comentarios'.)
ERROR: 2022/05/29 19:02:02 D:/Documentos/foro-hotel/foro-hotel-backend-master/pkg/data/profile/repository_psql.go:43: 8c535451-cb25-4c21-9f63-3d04d62ba8f1%!(EXTRA string= - couldn't execute getDatosBasicos: %v, mssql.Error=mssql: Could not find stored procedure 'dbo.Get_Comentarios'.)
ERROR: 2022/05/29 19:02:46 D:/Documentos/foro-hotel/foro-hotel-backend-master/pkg/data/profile/repository_psql.go:43: 8c535451-cb25-4c21-9f63-3d04d62ba8f1%!(EXTRA string= - couldn't execute getDatosBasicos: %v, mssql.Error=mssql: Could not find stored procedure 'dbo.Get_Comentarios'.)
ERROR: 2022/05/29 19:03:07 D:/Documentos/foro-hotel/foro-hotel-backend-master/pkg/data/profile/repository_psql.go:43: 8c535451-cb25-4c21-9f63-3d04d62ba8f1%!(EXTRA string= - couldn't execute getDatosBasicos: %v, mssql.Error=mssql: Could not find stored procedure 'dbo.Get_Comentarios'.)
ERROR: 2022/05/29 19:04:30 D:/Documentos/foro-hotel/foro-hotel-backend-master/pkg/data/profile/repository_psql.go:43: 8c535451-cb25-4c21-9f63-3d04d62ba8f1%!(EXTRA string= - couldn't execute getDatosBasicos: %v, mssql.Error=mssql: Could not find stored procedure 'dbo.Get_Comentarios'.)
ERROR: 2022/05/29 19:05:09 D:/Documentos/foro-hotel/foro-hotel-backend-master/pkg/data/profile/repository_psql.go:43: 8c535451-cb25-4c21-9f63-3d04d62ba8f1%!(EXTRA string= - couldn't execute getDatosBasicos: %v, mssql.Error=mssql: Could not find stored procedure 'dbo.Get_Comentarios'.)
ERROR: 2022/05/29 19:07:08 D:/Documentos/foro-hotel/foro-hotel-backend-master/pkg/data/profile/repository_psql.go:43: 8c535451-cb25-4c21-9f63-3d04d62ba8f1%!(EXTRA string= - couldn't execute getDatosBasicos: %v, mssql.Error=mssql: Could not find stored procedure 'dbo.Get_Comentarios'.)
ERROR: 2022/05/29 19:09:37 D:/Documentos/foro-hotel/foro-hotel-backend-master/pkg/negocio/reservacion/application_service.go:136: error creation of html Final: wkhtmltopdf not found
ERROR: 2022/05/29 19:09:37 D:/Documentos/foro-hotel/foro-hotel-backend-master/pkg/negocio/negocios/repository_sql.go:135: 8c535451-cb25-4c21-9f63-3d04d62ba8f1 -cound't insert User: %V mssql: Invalid column name 'url'.
ERROR: 2022/05/29 19:09:37 D:/Documentos/foro-hotel/foro-hotel-backend-master/pkg/negocio/negocios/application_service.go:113: 8c535451-cb25-4c21-9f63-3d04d62ba8f1  - couldn't getByNickName row: Error en insertar la reservacion!
ERROR: 2022/05/29 19:09:37 D:/Documentos/foro-hotel/foro-hotel-backend-master/api/handle/reservacion/handler.go:59: couldn't create negocio: Error en insertar la reservacion!
ERROR: 2022/05/29 19:15:17 D:/Documentos/foro-hotel/foro-hotel-backend-master/pkg/data/profile/repository_psql.go:43: 8c535451-cb25-4c21-9f63-3d04d62ba8f1%!(EXTRA string= - couldn't execute getDatosBasicos: %v, mssql.Error=mssql: Could not find stored procedure 'dbo.Get_Comentarios'.)
ERROR: 2022/05/29 19:16:25 D:/Documentos/foro-hotel/foro-hotel-backend-master/pkg/data/profile/repository_psql.go:43: 8c535451-cb25-4c21-9f63-3d04d62ba8f1%!(EXTRA string= - couldn't execute getDatosBasicos: %v, mssql.Error=mssql: Could not find stored procedure 'dbo.Get_Comentarios'.)
ERROR: 2022/05/29 20:32:01 D:/Documentos/foro-hotel/foro-hotel-backend-master/pkg/data/profile/repository_psql.go:43: 8c535451-cb25-4c21-9f63-3d04d62ba8f1%!(EXTRA string= - couldn't execute getDatosBasicos: %v, mssql.Error=mssql: Could not find stored procedure 'dbo.Get_Comentarios'.)
ERROR: 2022/05/29 20:32:05 D:/Documentos/foro-hotel/foro-hotel-backend-master/pkg/data/profile/repository_psql.go:43: 8c535451-cb25-4c21-9f63-3d04d62ba8f1%!(EXTRA string= - couldn't execute getDatosBasicos: %v, mssql.Error=mssql: Could not find stored procedure 'dbo.Get_Comentarios'.)
ERROR: 2022/05/31 12:17:48 D:/Documentos/foro-hotel/foro-hotel-backend-master/api/handle/login/handler.go:24: couldn't bind model login: json: cannot unmarshal "{\"value\":\"\"}}" into Go struct field login.requestLogin.coordinates of type string
ERROR: 2022/05/31 12:17:55 D:/Documentos/foro-hotel/foro-hotel-backend-master/api/handle/login/handler.go:24: couldn't bind model login: json: cannot unmarshal "{\"value\":\"\"}}" into Go struct field login.requestLogin.coordinates of type string
ERROR: 2022/05/31 12:18:00 D:/Documentos/foro-hotel/foro-hotel-backend-master/api/handle/login/handler.go:24: couldn't bind model login: json: cannot unmarshal "{\"value\":\"\"}}" into Go struct field login.requestLogin.coordinates of type string
ERROR: 2022/05/31 12:18:09 D:/Documentos/foro-hotel/foro-hotel-backend-master/api/handle/login/handler.go:24: couldn't bind model login: json: cannot unmarshal "{\"value\":\"\"}}" into Go struct field login.requestLogin.coordinates of type string
ERROR: 2022/05/31 12:18:18 D:/Documentos/foro-hotel/foro-hotel-backend-master/api/handle/login/handler.go:24: couldn't bind model login: json: cannot unmarshal "{\"value\":\"\"}}" into Go struct field login.requestLogin.coordinates of type string
ERROR: 2022/05/31 12:18:30 D:/Documentos/foro-hotel/foro-hotel-backend-master/api/handle/login/handler.go:24: couldn't bind model login: json: cannot unmarshal "{\"value\":\"\"}}" into Go struct field login.requestLogin.coordinates of type string
ERROR: 2022/05/31 12:18:59 D:/Documentos/foro-hotel/foro-hotel-backend-master/api/handle/login/handler.go:24: couldn't bind model login: json: cannot unmarshal "{\"value\":\"\"}}" into Go struct field login.requestLogin.coordinates of type string
ERROR: 2022/05/31 12:20:06 D:/Documentos/foro-hotel/foro-hotel-backend-master/api/handle/login/handler.go:24: couldn't bind model login: json: cannot unmarshal "{\"value\":\"\"}}" into Go struct field login.requestLogin.coordinates of type string
ERROR: 2022/05/31 12:22:51 D:/Documentos/foro-hotel/foro-hotel-backend-master/api/handle/login/handler.go:24: couldn't bind model login: json: cannot unmarshal "{\"value\":\"\"}}" into Go struct field login.requestLogin.coordinates of type string
ERROR: 2022/05/31 12:22:56 D:/Documentos/foro-hotel/foro-hotel-backend-master/api/handle/login/handler.go:24: couldn't bind model login: json: cannot unmarshal "{\"value\":\"\"}}" into Go struct field login.requestLogin.coordinates of type string
ERROR: 2022/05/31 12:24:14 D:/Documentos/foro-hotel/foro-hotel-backend-master/api/handle/login/handler.go:24: couldn't bind model login: json: cannot unmarshal "{\"value\":\"\"}}" into Go struct field login.requestLogin.coordinates of type string
ERROR: 2022/05/31 12:25:10 D:/Documentos/foro-hotel/foro-hotel-backend-master/pkg/data/profile/repository_psql.go:43: 9af1544a-d825-4174-bafd-cf57f8a2091a%!(EXTRA string= - couldn't execute getDatosBasicos: %v, mssql.Error=mssql: Could not find stored procedure 'dbo.Get_Comentarios'.)
ERROR: 2022/05/31 12:46:04 D:/Documentos/foro-hotel/foro-hotel-backend-master/pkg/data/profile/repository_psql.go:43: 9af1544a-d825-4174-bafd-cf57f8a2091a%!(EXTRA string= - couldn't execute getDatosBasicos: %v, mssql.Error=mssql: Could not find stored procedure 'dbo.Get_Comentarios'.)
ERROR: 2022/05/31 22:32:52 D:/Documentos/foro-hotel/foro-hotel-backend-master/pkg/auth/users/application_service.go:31: b6be8dd6-6ed7-4d60-89d8-efa9486a6dcb  - don't meet validations: first_lastname: non zero value required;first_name: non zero value required;number_document: non zero value required;second_lastname: non zero value required;type_document: non zero value required
ERROR: 2022/05/31 22:32:52 D:/Documentos/foro-hotel/foro-hotel-backend-master/api/handle/auth/handler.go:37: couldn't create user: first_lastname: non zero value required;first_name: non zero value required;number_document: non zero value required;second_lastname: non zero value required;type_document: non zero value required
ERROR: 2022/05/31 22:59:36 D:/Documentos/foro-hotel/foro-hotel-backend-master/pkg/auth/users/application_service.go:31: 48e896f8-1ad9-447e-8a2c-76707a5178a9  - don't meet validations: first_lastname: non zero value required;first_name: non zero value required;number_document: non zero value required;second_lastname: non zero value required;type_document: non zero value required
ERROR: 2022/05/31 22:59:36 D:/Documentos/foro-hotel/foro-hotel-backend-master/api/handle/auth/handler.go:37: couldn't create user: first_lastname: non zero value required;first_name: non zero value required;number_document: non zero value required;second_lastname: non zero value required;type_document: non zero value required
ERROR: 2022/05/31 23:02:40 D:/Documentos/foro-hotel/foro-hotel-backend-master/pkg/auth/users/application_service.go:31: 48e896f8-1ad9-447e-8a2c-76707a5178a9  - don't meet validations: first_lastname: non zero value required;first_name: non zero value required;number_document: non zero value required;second_lastname: non zero value required;type_document: non zero value required
ERROR: 2022/05/31 23:02:40 D:/Documentos/foro-hotel/foro-hotel-backend-master/api/handle/auth/handler.go:37: couldn't create user: first_lastname: non zero value required;first_name: non zero value required;number_document: non zero value required;second_lastname: non zero value required;type_document: non zero value required
ERROR: 2022/05/31 23:02:51 D:/Documentos/foro-hotel/foro-hotel-backend-master/pkg/auth/users/application_service.go:31: 48e896f8-1ad9-447e-8a2c-76707a5178a9  - don't meet validations: first_lastname: non zero value required;first_name: non zero value required;number_document: non zero value required;second_lastname: non zero value required;type_document: non zero value required
ERROR: 2022/05/31 23:02:51 D:/Documentos/foro-hotel/foro-hotel-backend-master/api/handle/auth/handler.go:37: couldn't create user: first_lastname: non zero value required;first_name: non zero value required;number_document: non zero value required;second_lastname: non zero value required;type_document: non zero value required
ERROR: 2022/05/31 23:03:12 D:/Documentos/foro-hotel/foro-hotel-backend-master/pkg/auth/users/application_service.go:31: 48e896f8-1ad9-447e-8a2c-76707a5178a9  - don't meet validations: first_lastname: non zero value required;first_name: non zero value required;number_document: non zero value required;second_lastname: non zero value required;type_document: non zero value required
ERROR: 2022/05/31 23:03:12 D:/Documentos/foro-hotel/foro-hotel-backend-master/api/handle/auth/handler.go:37: couldn't create user: first_lastname: non zero value required;first_name: non zero value required;number_document: non zero value required;second_lastname: non zero value required;type_document: non zero value required
ERROR: 2022/05/31 23:05:13 D:/Documentos/foro-hotel/foro-hotel-backend-master/pkg/auth/users/application_service.go:31: 48e896f8-1ad9-447e-8a2c-76707a5178a9  - don't meet validations: first_lastname: non zero value required;first_name: non zero value required;number_document: non zero value required;second_lastname: non zero value required;type_document: non zero value required
ERROR: 2022/05/31 23:05:13 D:/Documentos/foro-hotel/foro-hotel-backend-master/api/handle/auth/handler.go:37: couldn't create user: first_lastname: non zero value required;first_name: non zero value required;number_document: non zero value required;second_lastname: non zero value required;type_document: non zero value required
ERROR: 2022/05/31 23:05:20 D:/Documentos/foro-hotel/foro-hotel-backend-master/pkg/auth/users/application_service.go:31: 48e896f8-1ad9-447e-8a2c-76707a5178a9  - don't meet validations: first_lastname: non zero value required;first_name: non zero value required;number_document: non zero value required;second_lastname: non zero value required;type_document: non zero value required
ERROR: 2022/05/31 23:05:20 D:/Documentos/foro-hotel/foro-hotel-backend-master/api/handle/auth/handler.go:37: couldn't create user: first_lastname: non zero value required;first_name: non zero value required;number_document: non zero value required;second_lastname: non zero value required;type_document: non zero value required
ERROR: 2022/09/12 21:38:36 D:/Documentos/foro-hotel/foro-hotel-backend-master/api/handle/login/handler.go:24: couldn't bind model login: json: cannot unmarshal "{\"value\":\"\"}}" into Go struct field login.requestLogin.coordinates of type string
ERROR: 2022/09/12 21:38:42 D:/Documentos/foro-hotel/foro-hotel-backend-master/api/handle/login/handler.go:24: couldn't bind model login: json: cannot unmarshal "{\"value\":\"\"}}" into Go struct field login.requestLogin.coordinates of type string
ERROR: 2022/09/12 21:38:53 D:/Documentos/foro-hotel/foro-hotel-backend-master/api/handle/login/handler.go:24: couldn't bind model login: json: cannot unmarshal "{\"value\":\"\"}}" into Go struct field login.requestLogin.coordinates of type string
ERROR: 2022/09/12 21:40:06 D:/Documentos/foro-hotel/foro-hotel-backend-master/api/handle/login/handler.go:24: couldn't bind model login: json: cannot unmarshal "{\"value\":\"\"}}" into Go struct field login.requestLogin.coordinates of type string
ERROR: 2022/09/12 21:40:10 D:/Documentos/foro-hotel/foro-hotel-backend-master/api/handle/login/handler.go:24: couldn't bind model login: json: cannot unmarshal "{\"value\":\"\"}}" into Go struct field login.requestLogin.coordinates of type string
ERROR: 2022/09/12 21:41:05 D:/Documentos/foro-hotel/foro-hotel-backend-master/api/handle/login/handler.go:24: couldn't bind model login: json: cannot unmarshal "{\"value\":\"\"}}" into Go struct field login.requestLogin.coordinates of type string
ERROR: 2022/09/12 21:41:09 D:/Documentos/foro-hotel/foro-hotel-backend-master/api/handle/login/handler.go:24: couldn't bind model login: json: cannot unmarshal "{\"value\":\"\"}}" into Go struct field login.requestLogin.coordinates of type string
ERROR: 2022/09/12 21:42:00 D:/Documentos/foro-hotel/foro-hotel-backend-master/api/handle/login/handler.go:24: couldn't bind model login: json: cannot unmarshal "{\"value\":\"\"}}" into Go struct field login.requestLogin.coordinates of type string
ERROR: 2022/09/12 21:42:03 D:/Documentos/foro-hotel/foro-hotel-backend-master/api/handle/login/handler.go:24: couldn't bind model login: json: cannot unmarshal "{\"value\":\"\"}}" into Go struct field login.requestLogin.coordinates of type string
ERROR: 2022/09/12 21:43:33 D:/Documentos/foro-hotel/foro-hotel-backend-master/api/handle/login/handler.go:24: couldn't bind model login: json: cannot unmarshal "{\"value\":\"\"}}" into Go struct field login.requestLogin.coordinates of type string
ERROR: 2022/09/12 21:43:37 D:/Documentos/foro-hotel/foro-hotel-backend-master/api/handle/login/handler.go:24: couldn't bind model login: json: cannot unmarshal "{\"value\":\"\"}}" into Go struct field login.requestLogin.coordinates of type string
ERROR: 2022/09/12 21:51:11 D:/Documentos/foro-hotel/foro-hotel-backend-master/pkg/data/profile/application_service.go:74: 8a437b48-f57f-43d0-bbc5-9cdcf043bdd1  - couldn't getByNickName row: Error en obtener el negocio!
ERROR: 2022/09/12 21:51:11 D:/Documentos/foro-hotel/foro-hotel-backend-master/api/handle/country/handler.go:34: couldn't create negocio: Error en obtener el negocio!
ERROR: 2022/09/12 21:51:11 D:/Documentos/foro-hotel/foro-hotel-backend-master/pkg/data/profile/repository_psql.go:43: 8a437b48-f57f-43d0-bbc5-9cdcf043bdd1%!(EXTRA string= - couldn't execute getDatosBasicos: %v, mssql.Error=mssql: Could not find stored procedure 'dbo.Get_Comentarios'.)
ERROR: 2022/09/12 21:52:37 D:/Documentos/foro-hotel/foro-hotel-backend-master/pkg/data/profile/application_service.go:74: 341833c0-66ba-4906-b34b-a583efbf0e79  - couldn't getByNickName row: Error en obtener el negocio!
ERROR: 2022/09/12 21:52:37 D:/Documentos/foro-hotel/foro-hotel-backend-master/api/handle/country/handler.go:34: couldn't create negocio: Error en obtener el negocio!
ERROR: 2022/09/12 21:52:37 D:/Documentos/foro-hotel/foro-hotel-backend-master/pkg/data/profile/repository_psql.go:43: 341833c0-66ba-4906-b34b-a583efbf0e79%!(EXTRA string= - couldn't execute getDatosBasicos: %v, mssql.Error=mssql: Could not find stored procedure 'dbo.Get_Comentarios'.)
ERROR: 2022/09/13 19:44:03 D:/Documentos/Proyecto SI/foro-hotel-backend-master/pkg/auth/login/jwt.go:36: leyendo el archivo privado de firma: open ../rsa/app.rsa: The system cannot find the path specified.
ERROR: 2022/09/13 19:44:03 D:/Documentos/Proyecto SI/foro-hotel-backend-master/pkg/auth/login/jwt.go:41: realizando el parse en login RSA private: Invalid Key: Key must be a PEM encoded PKCS1 or PKCS8 key
ERROR: 2022/09/13 19:48:49 D:/Documentos/Proyecto SI/foro-hotel-backend-master/pkg/auth/login/jwt.go:36: leyendo el archivo privado de firma: open ../rsa/app.rsa: The system cannot find the path specified.
ERROR: 2022/09/13 19:48:49 D:/Documentos/Proyecto SI/foro-hotel-backend-master/pkg/auth/login/jwt.go:41: realizando el parse en login RSA private: Invalid Key: Key must be a PEM encoded PKCS1 or PKCS8 key
ERROR: 2022/09/13 19:50:43 D:/Documentos/Proyecto SI/foro-hotel-backend-master/pkg/auth/login/jwt.go:36: leyendo el archivo privado de firma: open ../rsa/app.rsa: The system cannot find the path specified.
ERROR: 2022/09/13 19:50:43 D:/Documentos/Proyecto SI/foro-hotel-backend-master/pkg/auth/login/jwt.go:41: realizando el parse en login RSA private: Invalid Key: Key must be a PEM encoded PKCS1 or PKCS8 key
ERROR: 2022/09/13 20:00:22 D:/Documentos/Proyecto SI/foro-hotel-backend-master/pkg/auth/login/jwt.go:36: leyendo el archivo privado de firma: open ../rsa/app.rsa: The system cannot find the path specified.
ERROR: 2022/09/13 20:00:22 D:/Documentos/Proyecto SI/foro-hotel-backend-master/pkg/auth/login/jwt.go:41: realizando el parse en login RSA private: Invalid Key: Key must be a PEM encoded PKCS1 or PKCS8 key
ERROR: 2022/09/13 20:10:10 D:/Documentos/Proyecto SI/foro-hotel-backend-master/pkg/auth/login/jwt.go:36: leyendo el archivo privado de firma: open ../rsa/app.rsa: The system cannot find the path specified.
ERROR: 2022/09/13 20:10:10 D:/Documentos/Proyecto SI/foro-hotel-backend-master/pkg/auth/login/jwt.go:41: realizando el parse en login RSA private: Invalid Key: Key must be a PEM encoded PKCS1 or PKCS8 key
ERROR: 2022/09/13 20:10:59 D:/Documentos/Proyecto SI/foro-hotel-backend-master/pkg/auth/login/jwt.go:36: leyendo el archivo privado de firma: open ../rsa/app.rsa: The system cannot find the path specified.
ERROR: 2022/09/13 20:10:59 D:/Documentos/Proyecto SI/foro-hotel-backend-master/pkg/auth/login/jwt.go:41: realizando el parse en login RSA private: Invalid Key: Key must be a PEM encoded PKCS1 or PKCS8 key
ERROR: 2022/09/13 20:12:29 D:/Documentos/Proyecto SI/foro-hotel-backend-master/pkg/auth/login/jwt.go:36: leyendo el archivo privado de firma: open ../rsa/app.rsa: The system cannot find the path specified.
ERROR: 2022/09/13 20:12:29 D:/Documentos/Proyecto SI/foro-hotel-backend-master/pkg/auth/login/jwt.go:41: realizando el parse en login RSA private: Invalid Key: Key must be a PEM encoded PKCS1 or PKCS8 key
ERROR: 2022/09/13 21:38:10 D:/Documentos/Proyecto SI/foro-hotel-backend-master/api/handle/doctypes/handler.go:23: couldn't bind model login: json: cannot unmarshal "1" into Go value of type doctype.requestDoctype
ERROR: 2022/09/14 22:21:51 D:/Documentos/Proyecto SI/foro-hotel-backend-master/pkg/auth/login/jwt.go:36: leyendo el archivo privado de firma: open ../rsa/app.rsa: The system cannot find the path specified.
ERROR: 2022/09/14 22:21:51 D:/Documentos/Proyecto SI/foro-hotel-backend-master/pkg/auth/login/jwt.go:41: realizando el parse en login RSA private: Invalid Key: Key must be a PEM encoded PKCS1 or PKCS8 key
ERROR: 2022/09/15 00:32:42 D:/Documentos/Proyecto SI/foro-hotel-backend-master/pkg/auth/login/jwt.go:36: leyendo el archivo privado de firma: open ../rsa/app.rsa: The system cannot find the path specified.
ERROR: 2022/09/15 00:32:42 D:/Documentos/Proyecto SI/foro-hotel-backend-master/pkg/auth/login/jwt.go:41: realizando el parse en login RSA private: Invalid Key: Key must be a PEM encoded PKCS1 or PKCS8 key
ERROR: 2022/09/15 00:33:08 D:/Documentos/Proyecto SI/foro-hotel-backend-master/pkg/auth/login/jwt.go:36: leyendo el archivo privado de firma: open ../rsa/app.rsa: The system cannot find the path specified.
ERROR: 2022/09/15 00:33:08 D:/Documentos/Proyecto SI/foro-hotel-backend-master/pkg/auth/login/jwt.go:41: realizando el parse en login RSA private: Invalid Key: Key must be a PEM encoded PKCS1 or PKCS8 key
ERROR: 2022/09/15 00:36:32 D:/Documentos/Proyecto SI/foro-hotel-backend-master/pkg/auth/login/jwt.go:36: leyendo el archivo privado de firma: open ../rsa/app.rsa: The system cannot find the path specified.
ERROR: 2022/09/15 00:36:32 D:/Documentos/Proyecto SI/foro-hotel-backend-master/pkg/auth/login/jwt.go:41: realizando el parse en login RSA private: Invalid Key: Key must be a PEM encoded PKCS1 or PKCS8 key
ERROR: 2022/09/15 01:12:12 D:/Documentos/Proyecto SI/foro-hotel-backend-master/api/handle/User/handler.go:70: couldn't bind model login: json: cannot unmarshal "\"Thu Sep 22 2022 00:00:00 GMT-05..." into Go struct field User.requestUser.date_birth of type time.Time
ERROR: 2022/09/15 01:12:23 D:/Documentos/Proyecto SI/foro-hotel-backend-master/api/handle/User/handler.go:70: couldn't bind model login: json: cannot unmarshal "\"Thu Sep 22 2022 00:00:00 GMT-05..." into Go struct field User.requestUser.date_birth of type time.Time
ERROR: 2022/09/15 01:13:35 D:/Documentos/Proyecto SI/foro-hotel-backend-master/pkg/auth/login/jwt.go:36: leyendo el archivo privado de firma: open ../rsa/app.rsa: The system cannot find the path specified.
ERROR: 2022/09/15 01:13:36 D:/Documentos/Proyecto SI/foro-hotel-backend-master/pkg/auth/login/jwt.go:41: realizando el parse en login RSA private: Invalid Key: Key must be a PEM encoded PKCS1 or PKCS8 key
ERROR: 2022/09/15 01:14:21 D:/Documentos/Proyecto SI/foro-hotel-backend-master/pkg/auth/login/jwt.go:36: leyendo el archivo privado de firma: open ../rsa/app.rsa: The system cannot find the path specified.
ERROR: 2022/09/15 01:14:21 D:/Documentos/Proyecto SI/foro-hotel-backend-master/pkg/auth/login/jwt.go:41: realizando el parse en login RSA private: Invalid Key: Key must be a PEM encoded PKCS1 or PKCS8 key
ERROR: 2022/09/15 01:18:41 D:/Documentos/Proyecto SI/foro-hotel-backend-master/api/handle/User/handler.go:96: couldn't bind model login: json: cannot unmarshal "\"Mon Sep 12 2022 00:00:00 GMT-05..." into Go struct field User.requestUser.date_birth of type time.Time
ERROR: 2022/09/15 01:20:57 D:/Documentos/Proyecto SI/foro-hotel-backend-master/api/handle/User/handler.go:96: couldn't bind model login: json: cannot unmarshal "\"Mon Sep 12 2022 00:00:00 GMT-05..." into Go struct field User.requestUser.date_birth of type time.Time
ERROR: 2022/09/15 01:25:07 D:/Documentos/Proyecto SI/foro-hotel-backend-master/pkg/auth/login/jwt.go:36: leyendo el archivo privado de firma: open ../rsa/app.rsa: The system cannot find the path specified.
ERROR: 2022/09/15 01:25:07 D:/Documentos/Proyecto SI/foro-hotel-backend-master/pkg/auth/login/jwt.go:41: realizando el parse en login RSA private: Invalid Key: Key must be a PEM encoded PKCS1 or PKCS8 key
ERROR: 2022/09/15 01:36:10 D:/Documentos/Proyecto SI/foro-hotel-backend-master/pkg/auth/login/jwt.go:36: leyendo el archivo privado de firma: open ../rsa/app.rsa: The system cannot find the path specified.
ERROR: 2022/09/15 01:36:10 D:/Documentos/Proyecto SI/foro-hotel-backend-master/pkg/auth/login/jwt.go:41: realizando el parse en login RSA private: Invalid Key: Key must be a PEM encoded PKCS1 or PKCS8 key
ERROR: 2022/09/15 08:12:52 D:/Documentos/Proyecto SI/foro-hotel-backend-master/pkg/auth/login/jwt.go:36: leyendo el archivo privado de firma: open ../rsa/app.rsa: The system cannot find the path specified.
ERROR: 2022/09/15 08:12:52 D:/Documentos/Proyecto SI/foro-hotel-backend-master/pkg/auth/login/jwt.go:41: realizando el parse en login RSA private: Invalid Key: Key must be a PEM encoded PKCS1 or PKCS8 key
ERROR: 2022/09/15 08:19:36 D:/Documentos/Proyecto SI/foro-hotel-backend-master/pkg/auth/login/jwt.go:36: leyendo el archivo privado de firma: open ../rsa/app.rsa: The system cannot find the path specified.
ERROR: 2022/09/15 08:19:36 D:/Documentos/Proyecto SI/foro-hotel-backend-master/pkg/auth/login/jwt.go:41: realizando el parse en login RSA private: Invalid Key: Key must be a PEM encoded PKCS1 or PKCS8 key
ERROR: 2022/09/15 13:48:14 D:/Documentos/Proyecto SI/foro-hotel-backend-master/pkg/auth/login/jwt.go:36: leyendo el archivo privado de firma: open ../rsa/app.rsa: The system cannot find the path specified.
ERROR: 2022/09/15 13:48:14 D:/Documentos/Proyecto SI/foro-hotel-backend-master/pkg/auth/login/jwt.go:41: realizando el parse en login RSA private: Invalid Key: Key must be a PEM encoded PKCS1 or PKCS8 key
ERROR: 2022/09/15 14:43:51 D:/Documentos/Proyecto SI/foro-hotel-backend-master/pkg/auth/login/jwt.go:36: leyendo el archivo privado de firma: open ../rsa/app.rsa: The system cannot find the path specified.
ERROR: 2022/09/15 14:43:51 D:/Documentos/Proyecto SI/foro-hotel-backend-master/pkg/auth/login/jwt.go:41: realizando el parse en login RSA private: Invalid Key: Key must be a PEM encoded PKCS1 or PKCS8 key
ERROR: 2022/09/15 14:48:04 D:/Documentos/Proyecto SI/foro-hotel-backend-master/pkg/auth/login/jwt.go:36: leyendo el archivo privado de firma: open ../rsa/app.rsa: The system cannot find the path specified.
ERROR: 2022/09/15 14:48:04 D:/Documentos/Proyecto SI/foro-hotel-backend-master/pkg/auth/login/jwt.go:41: realizando el parse en login RSA private: Invalid Key: Key must be a PEM encoded PKCS1 or PKCS8 key
ERROR: 2022/09/15 14:48:39 D:/Documentos/Proyecto SI/foro-hotel-backend-master/pkg/auth/login/jwt.go:36: leyendo el archivo privado de firma: open ../rsa/app.rsa: The system cannot find the path specified.
ERROR: 2022/09/15 14:48:39 D:/Documentos/Proyecto SI/foro-hotel-backend-master/pkg/auth/login/jwt.go:41: realizando el parse en login RSA private: Invalid Key: Key must be a PEM encoded PKCS1 or PKCS8 key
ERROR: 2022/09/15 14:50:29 D:/Documentos/Proyecto SI/foro-hotel-backend-master/pkg/auth/login/jwt.go:36: leyendo el archivo privado de firma: open ../rsa/app.rsa: The system cannot find the path specified.
ERROR: 2022/09/15 14:50:29 D:/Documentos/Proyecto SI/foro-hotel-backend-master/pkg/auth/login/jwt.go:41: realizando el parse en login RSA private: Invalid Key: Key must be a PEM encoded PKCS1 or PKCS8 key
ERROR: 2022/09/15 19:04:24 D:/Documentos/Proyecto SI/foro-hotel-backend-master/pkg/auth/login/jwt.go:36: leyendo el archivo privado de firma: open ../rsa/app.rsa: The system cannot find the path specified.
ERROR: 2022/09/15 19:04:25 D:/Documentos/Proyecto SI/foro-hotel-backend-master/pkg/auth/login/jwt.go:41: realizando el parse en login RSA private: Invalid Key: Key must be a PEM encoded PKCS1 or PKCS8 key
ERROR: 2022/09/16 00:01:32 D:/Documentos/Proyecto SI/foro-hotel-backend-master/pkg/auth/login/jwt.go:36: leyendo el archivo privado de firma: open ../rsa/app.rsa: The system cannot find the path specified.
ERROR: 2022/09/16 00:01:32 D:/Documentos/Proyecto SI/foro-hotel-backend-master/pkg/auth/login/jwt.go:41: realizando el parse en login RSA private: Invalid Key: Key must be a PEM encoded PKCS1 or PKCS8 key
ERROR: 2022/09/16 00:39:40 D:/Documentos/Proyecto SI/foro-hotel-backend-master/pkg/data/profile/application_service.go:338: bdabe2e7-a198-4c79-85fd-1a3e4000f14b  - couldn't getByNickName row: Error en obtener el negocio!
ERROR: 2022/09/16 00:39:47 D:/Documentos/Proyecto SI/foro-hotel-backend-master/pkg/data/profile/application_service.go:338: bdabe2e7-a198-4c79-85fd-1a3e4000f14b  - couldn't getByNickName row: Error en obtener el negocio!
ERROR: 2022/09/16 00:40:11 D:/Documentos/Proyecto SI/foro-hotel-backend-master/pkg/data/profile/application_service.go:338: bdabe2e7-a198-4c79-85fd-1a3e4000f14b  - couldn't getByNickName row: Error en obtener el negocio!
ERROR: 2022/09/16 00:47:27 D:/Documentos/Proyecto SI/foro-hotel-backend-master/pkg/auth/login/jwt.go:36: leyendo el archivo privado de firma: open ../rsa/app.rsa: The system cannot find the path specified.
ERROR: 2022/09/16 00:47:27 D:/Documentos/Proyecto SI/foro-hotel-backend-master/pkg/auth/login/jwt.go:41: realizando el parse en login RSA private: Invalid Key: Key must be a PEM encoded PKCS1 or PKCS8 key
ERROR: 2022/09/16 00:53:20 D:/Documentos/Proyecto SI/foro-hotel-backend-master/pkg/data/profile/application_service.go:402: 37e90b35-8536-4c3b-b73e-09ae972f0ca2  - couldn't getByNickName row: Error en obtener el negocio!
ERROR: 2022/09/16 01:01:13 D:/Documentos/Proyecto SI/foro-hotel-backend-master/pkg/auth/login/jwt.go:36: leyendo el archivo privado de firma: open ../rsa/app.rsa: The system cannot find the path specified.
ERROR: 2022/09/16 01:01:13 D:/Documentos/Proyecto SI/foro-hotel-backend-master/pkg/auth/login/jwt.go:41: realizando el parse en login RSA private: Invalid Key: Key must be a PEM encoded PKCS1 or PKCS8 key
ERROR: 2022/09/16 01:01:58 D:/Documentos/Proyecto SI/foro-hotel-backend-master/pkg/auth/login/jwt.go:36: leyendo el archivo privado de firma: open ../rsa/app.rsa: The system cannot find the path specified.
ERROR: 2022/09/16 01:01:58 D:/Documentos/Proyecto SI/foro-hotel-backend-master/pkg/auth/login/jwt.go:41: realizando el parse en login RSA private: Invalid Key: Key must be a PEM encoded PKCS1 or PKCS8 key
ERROR: 2022/09/16 02:05:34 D:/Documentos/Proyecto SI/foro-hotel-backend-master/pkg/data/profile/application_service.go:39: 2d590a1a-f690-4cc8-b6f3-96c4efa1ac83  - couldn't getByNickName row: Error en obtener el negocio!
ERROR: 2022/09/16 02:06:16 D:/Documentos/Proyecto SI/foro-hotel-backend-master/pkg/data/profile/application_service.go:39: 2d590a1a-f690-4cc8-b6f3-96c4efa1ac83  - couldn't getByNickName row: Error en obtener el negocio!
ERROR: 2022/09/18 00:47:12 D:/Documentos/Proyecto SI/foro-hotel-backend-master/pkg/data/profile/repository_psql.go:327: ejecutando sqlserverExecuteSP user: mssql: Procedure or function 'rtp_alumnos' expects parameter '@value', which was not supplied.
ERROR: 2022/09/18 00:47:12 D:/Documentos/Proyecto SI/foro-hotel-backend-master/pkg/data/profile/application_service.go:315: ff414f09-7ec5-4269-bb0e-264904fab480  - couldn't getByNickName row: mssql: Procedure or function 'rtp_alumnos' expects parameter '@value', which was not supplied.
ERROR: 2022/09/18 00:47:12 D:/Documentos/Proyecto SI/foro-hotel-backend-master/pkg/data/profile/repository_psql.go:327: ejecutando sqlserverExecuteSP user: mssql: Procedure or function 'rtp_alumnos' expects parameter '@value', which was not supplied.
ERROR: 2022/09/18 00:47:12 D:/Documentos/Proyecto SI/foro-hotel-backend-master/pkg/data/profile/application_service.go:315: ff414f09-7ec5-4269-bb0e-264904fab480  - couldn't getByNickName row: mssql: Procedure or function 'rtp_alumnos' expects parameter '@value', which was not supplied.
ERROR: 2022/09/18 00:47:33 D:/Documentos/Proyecto SI/foro-hotel-backend-master/pkg/data/profile/repository_psql.go:327: ejecutando sqlserverExecuteSP user: mssql: Procedure or function 'rtp_alumnos' expects parameter '@value', which was not supplied.
ERROR: 2022/09/18 00:47:33 D:/Documentos/Proyecto SI/foro-hotel-backend-master/pkg/data/profile/application_service.go:315: ff414f09-7ec5-4269-bb0e-264904fab480  - couldn't getByNickName row: mssql: Procedure or function 'rtp_alumnos' expects parameter '@value', which was not supplied.
ERROR: 2022/09/18 00:47:33 D:/Documentos/Proyecto SI/foro-hotel-backend-master/pkg/data/profile/repository_psql.go:327: ejecutando sqlserverExecuteSP user: mssql: Procedure or function 'rtp_alumnos' expects parameter '@value', which was not supplied.
ERROR: 2022/09/18 00:47:33 D:/Documentos/Proyecto SI/foro-hotel-backend-master/pkg/data/profile/application_service.go:315: ff414f09-7ec5-4269-bb0e-264904fab480  - couldn't getByNickName row: mssql: Procedure or function 'rtp_alumnos' expects parameter '@value', which was not supplied.
ERROR: 2022/09/18 00:47:58 D:/Documentos/Proyecto SI/foro-hotel-backend-master/pkg/data/profile/repository_psql.go:327: ejecutando sqlserverExecuteSP user: mssql: Procedure or function 'rtp_alumnos' expects parameter '@value', which was not supplied.
ERROR: 2022/09/18 00:47:58 D:/Documentos/Proyecto SI/foro-hotel-backend-master/pkg/data/profile/application_service.go:315: ff414f09-7ec5-4269-bb0e-264904fab480  - couldn't getByNickName row: mssql: Procedure or function 'rtp_alumnos' expects parameter '@value', which was not supplied.
ERROR: 2022/09/18 00:47:58 D:/Documentos/Proyecto SI/foro-hotel-backend-master/pkg/data/profile/repository_psql.go:327: ejecutando sqlserverExecuteSP user: mssql: Procedure or function 'rtp_alumnos' expects parameter '@value', which was not supplied.
ERROR: 2022/09/18 00:47:58 D:/Documentos/Proyecto SI/foro-hotel-backend-master/pkg/data/profile/application_service.go:315: ff414f09-7ec5-4269-bb0e-264904fab480  - couldn't getByNickName row: mssql: Procedure or function 'rtp_alumnos' expects parameter '@value', which was not supplied.
ERROR: 2022/09/18 00:48:17 D:/Documentos/Proyecto SI/foro-hotel-backend-master/pkg/data/profile/repository_psql.go:327: ejecutando sqlserverExecuteSP user: mssql: Procedure or function 'rtp_alumnos' expects parameter '@value', which was not supplied.
ERROR: 2022/09/18 00:48:17 D:/Documentos/Proyecto SI/foro-hotel-backend-master/pkg/data/profile/application_service.go:315: ff414f09-7ec5-4269-bb0e-264904fab480  - couldn't getByNickName row: mssql: Procedure or function 'rtp_alumnos' expects parameter '@value', which was not supplied.
ERROR: 2022/09/18 00:48:17 D:/Documentos/Proyecto SI/foro-hotel-backend-master/pkg/data/profile/repository_psql.go:327: ejecutando sqlserverExecuteSP user: mssql: Procedure or function 'rtp_alumnos' expects parameter '@value', which was not supplied.
ERROR: 2022/09/18 00:48:17 D:/Documentos/Proyecto SI/foro-hotel-backend-master/pkg/data/profile/application_service.go:315: ff414f09-7ec5-4269-bb0e-264904fab480  - couldn't getByNickName row: mssql: Procedure or function 'rtp_alumnos' expects parameter '@value', which was not supplied.
ERROR: 2022/09/18 00:52:58 D:/Documentos/Proyecto SI/foro-hotel-backend-master/pkg/data/profile/repository_psql.go:327: ejecutando sqlserverExecuteSP user: mssql: Procedure or function 'rtp_alumnos' expects parameter '@value', which was not supplied.
ERROR: 2022/09/18 00:52:58 D:/Documentos/Proyecto SI/foro-hotel-backend-master/pkg/data/profile/application_service.go:315: ff414f09-7ec5-4269-bb0e-264904fab480  - couldn't getByNickName row: mssql: Procedure or function 'rtp_alumnos' expects parameter '@value', which was not supplied.
ERROR: 2022/09/18 00:52:58 D:/Documentos/Proyecto SI/foro-hotel-backend-master/pkg/data/profile/repository_psql.go:327: ejecutando sqlserverExecuteSP user: mssql: Procedure or function 'rtp_alumnos' expects parameter '@value', which was not supplied.
ERROR: 2022/09/18 00:52:58 D:/Documentos/Proyecto SI/foro-hotel-backend-master/pkg/data/profile/application_service.go:315: ff414f09-7ec5-4269-bb0e-264904fab480  - couldn't getByNickName row: mssql: Procedure or function 'rtp_alumnos' expects parameter '@value', which was not supplied.
ERROR: 2022/09/18 09:02:20 D:/Documentos/Proyecto SI/foro-hotel-backend-master/pkg/data/profile/repository_psql.go:327: ejecutando sqlserverExecuteSP user: mssql: Procedure or function 'rtp_alumnos' expects parameter '@value', which was not supplied.
ERROR: 2022/09/18 09:02:20 D:/Documentos/Proyecto SI/foro-hotel-backend-master/pkg/data/profile/application_service.go:315: f791ee11-9da8-46e7-a198-4fc5499fe1b5  - couldn't getByNickName row: mssql: Procedure or function 'rtp_alumnos' expects parameter '@value', which was not supplied.
ERROR: 2022/09/18 09:02:56 D:/Documentos/Proyecto SI/foro-hotel-backend-master/pkg/data/profile/repository_psql.go:327: ejecutando sqlserverExecuteSP user: mssql: Procedure or function 'rtp_alumnos' expects parameter '@value', which was not supplied.
ERROR: 2022/09/18 09:02:56 D:/Documentos/Proyecto SI/foro-hotel-backend-master/pkg/data/profile/application_service.go:315: f791ee11-9da8-46e7-a198-4fc5499fe1b5  - couldn't getByNickName row: mssql: Procedure or function 'rtp_alumnos' expects parameter '@value', which was not supplied.
ERROR: 2022/09/18 09:03:11 D:/Documentos/Proyecto SI/foro-hotel-backend-master/pkg/data/profile/repository_psql.go:327: ejecutando sqlserverExecuteSP user: mssql: Procedure or function 'rtp_alumnos' expects parameter '@value', which was not supplied.
ERROR: 2022/09/18 09:03:11 D:/Documentos/Proyecto SI/foro-hotel-backend-master/pkg/data/profile/application_service.go:315: f791ee11-9da8-46e7-a198-4fc5499fe1b5  - couldn't getByNickName row: mssql: Procedure or function 'rtp_alumnos' expects parameter '@value', which was not supplied.
ERROR: 2022/09/18 09:09:45 D:/Documentos/Proyecto SI/foro-hotel-backend-master/pkg/data/profile/repository_psql.go:327: ejecutando sqlserverExecuteSP user: mssql: Procedure or function 'rtp_alumnos' expects parameter '@value', which was not supplied.
ERROR: 2022/09/18 09:09:45 D:/Documentos/Proyecto SI/foro-hotel-backend-master/pkg/data/profile/application_service.go:315: f791ee11-9da8-46e7-a198-4fc5499fe1b5  - couldn't getByNickName row: mssql: Procedure or function 'rtp_alumnos' expects parameter '@value', which was not supplied.
ERROR: 2022/09/18 09:10:50 D:/Documentos/Proyecto SI/foro-hotel-backend-master/pkg/data/profile/repository_psql.go:327: ejecutando sqlserverExecuteSP user: mssql: Procedure or function 'rtp_alumnos' expects parameter '@start_end', which was not supplied.
ERROR: 2022/09/18 09:10:50 D:/Documentos/Proyecto SI/foro-hotel-backend-master/pkg/data/profile/application_service.go:315: f791ee11-9da8-46e7-a198-4fc5499fe1b5  - couldn't getByNickName row: mssql: Procedure or function 'rtp_alumnos' expects parameter '@start_end', which was not supplied.
ERROR: 2022/09/18 15:58:49 D:/Documentos/Proyecto SI/foro-hotel-backend-master/pkg/data/profile/repository_psql.go:327: ejecutando sqlserverExecuteSP user: mssql: Procedure or function 'rtp_alumnos' expects parameter '@value', which was not supplied.
ERROR: 2022/09/18 15:58:49 D:/Documentos/Proyecto SI/foro-hotel-backend-master/pkg/data/profile/application_service.go:315: f791ee11-9da8-46e7-a198-4fc5499fe1b5  - couldn't getByNickName row: mssql: Procedure or function 'rtp_alumnos' expects parameter '@value', which was not supplied.
ERROR: 2022/09/18 17:59:41 D:/Documentos/Proyecto SI/foro-hotel-backend-master/pkg/data/profile/repository_psql.go:327: ejecutando sqlserverExecuteSP user: mssql: Procedure or function 'rtp_alumnos' expects parameter '@value', which was not supplied.
ERROR: 2022/09/18 17:59:41 D:/Documentos/Proyecto SI/foro-hotel-backend-master/pkg/data/profile/application_service.go:315: dc878731-17f4-4559-abe3-b9b3095e0879  - couldn't getByNickName row: mssql: Procedure or function 'rtp_alumnos' expects parameter '@value', which was not supplied.
ERROR: 2022/09/18 17:59:41 D:/Documentos/Proyecto SI/foro-hotel-backend-master/pkg/data/profile/repository_psql.go:327: ejecutando sqlserverExecuteSP user: mssql: Procedure or function 'rtp_alumnos' expects parameter '@value', which was not supplied.
ERROR: 2022/09/18 17:59:41 D:/Documentos/Proyecto SI/foro-hotel-backend-master/pkg/data/profile/application_service.go:315: dc878731-17f4-4559-abe3-b9b3095e0879  - couldn't getByNickName row: mssql: Procedure or function 'rtp_alumnos' expects parameter '@value', which was not supplied.
